<?xml version="1.0" encoding="UTF-8"?>
<coverage generated="1610047998308" clover="3.2.0">
  <project timestamp="1610047998308" name="All files">
    <metrics statements="34" coveredstatements="33" conditionals="17" coveredconditionals="17" methods="14" coveredmethods="13" elements="65" coveredelements="63" complexity="0" loc="34" ncloc="34" packages="1" files="1" classes="1"/>
    <file name="index.js" path="/Users/thanhvan/Downloads/v1/TCM Phase 2/vdc test/app/containers/WeatherPage/index.js">
      <metrics statements="34" coveredstatements="33" conditionals="17" coveredconditionals="17" methods="14" coveredmethods="13"/>
      <line num="44" count="1" type="stmt"/>
      <line num="46" count="1" type="stmt"/>
      <line num="47" count="2" type="stmt"/>
      <line num="50" count="16" type="stmt"/>
      <line num="52" count="1" type="stmt"/>
      <line num="53" count="3" type="stmt"/>
      <line num="55" count="8" type="stmt"/>
      <line num="56" count="8" type="stmt"/>
      <line num="57" count="8" type="stmt"/>
      <line num="64" count="8" type="stmt"/>
      <line num="66" count="1" type="stmt"/>
      <line num="67" count="38" type="stmt"/>
      <line num="68" count="38" type="stmt"/>
      <line num="70" count="38" type="stmt"/>
      <line num="71" count="38" type="stmt"/>
      <line num="73" count="38" type="stmt"/>
      <line num="74" count="4" type="stmt"/>
      <line num="75" count="4" type="stmt"/>
      <line num="76" count="4" type="cond" truecount="2" falsecount="0"/>
      <line num="77" count="1" type="stmt"/>
      <line num="81" count="38" type="stmt"/>
      <line num="83" count="14" type="cond" truecount="2" falsecount="0"/>
      <line num="84" count="4" type="stmt"/>
      <line num="85" count="0" type="stmt"/>
      <line num="88" count="14" type="stmt"/>
      <line num="91" count="38" type="stmt"/>
      <line num="92" count="1" type="stmt"/>
      <line num="95" count="38" type="stmt"/>
      <line num="131" count="8" type="stmt"/>
      <line num="134" count="1" type="stmt"/>
      <line num="163" count="2" type="stmt"/>
      <line num="181" count="1" type="stmt"/>
      <line num="188" count="1" type="stmt"/>
      <line num="194" count="1" type="stmt"/>
    </file>
  </project>
</coverage>
