{"/Users/thanhvan/Downloads/v1/TCM Phase 2/vdc test/app/containers/WeatherPage/index.js": {"path":"/Users/thanhvan/Downloads/v1/TCM Phase 2/vdc test/app/containers/WeatherPage/index.js","statementMap":{"0":{"start":{"line":44,"column":18},"end":{"line":44,"column":28}},"1":{"start":{"line":46,"column":28},"end":{"line":48,"column":1}},"2":{"start":{"line":47,"column":2},"end":{"line":47,"column":18}},"3":{"start":{"line":50,"column":20},"end":{"line":50,"column":53}},"4":{"start":{"line":50,"column":27},"end":{"line":50,"column":53}},"5":{"start":{"line":52,"column":33},"end":{"line":64,"column":35}},"6":{"start":{"line":53,"column":2},"end":{"line":64,"column":35}},"7":{"start":{"line":55,"column":18},"end":{"line":55,"column":46}},"8":{"start":{"line":56,"column":18},"end":{"line":56,"column":46}},"9":{"start":{"line":57,"column":6},"end":{"line":62,"column":8}},"10":{"start":{"line":64,"column":23},"end":{"line":64,"column":34}},"11":{"start":{"line":66,"column":27},"end":{"line":179,"column":1}},"12":{"start":{"line":67,"column":2},"end":{"line":67,"column":48}},"13":{"start":{"line":68,"column":2},"end":{"line":68,"column":42}},"14":{"start":{"line":70,"column":68},"end":{"line":70,"column":73}},"15":{"start":{"line":71,"column":28},"end":{"line":71,"column":40}},"16":{"start":{"line":73,"column":19},"end":{"line":79,"column":3}},"17":{"start":{"line":74,"column":17},"end":{"line":74,"column":36}},"18":{"start":{"line":75,"column":4},"end":{"line":75,"column":19}},"19":{"start":{"line":76,"column":4},"end":{"line":78,"column":5}},"20":{"start":{"line":77,"column":6},"end":{"line":77,"column":33}},"21":{"start":{"line":81,"column":2},"end":{"line":89,"column":14}},"22":{"start":{"line":83,"column":4},"end":{"line":87,"column":5}},"23":{"start":{"line":84,"column":6},"end":{"line":86,"column":14}},"24":{"start":{"line":85,"column":8},"end":{"line":85,"column":37}},"25":{"start":{"line":88,"column":4},"end":{"line":88,"column":41}},"26":{"start":{"line":88,"column":17},"end":{"line":88,"column":40}},"27":{"start":{"line":91,"column":30},"end":{"line":93,"column":3}},"28":{"start":{"line":92,"column":4},"end":{"line":92,"column":53}},"29":{"start":{"line":95,"column":2},"end":{"line":178,"column":4}},"30":{"start":{"line":131,"column":22},"end":{"line":140,"column":34}},"31":{"start":{"line":134,"column":26},"end":{"line":134,"column":69}},"32":{"start":{"line":163,"column":18},"end":{"line":169,"column":30}},"33":{"start":{"line":181,"column":31},"end":{"line":186,"column":2}},"34":{"start":{"line":188,"column":34},"end":{"line":192,"column":1}},"35":{"start":{"line":194,"column":16},"end":{"line":199,"column":1}}},"fnMap":{"0":{"name":"(anonymous_0)","decl":{"start":{"line":46,"column":28},"end":{"line":46,"column":29}},"loc":{"start":{"line":46,"column":49},"end":{"line":48,"column":1}},"line":46},"1":{"name":"(anonymous_1)","decl":{"start":{"line":50,"column":20},"end":{"line":50,"column":21}},"loc":{"start":{"line":50,"column":27},"end":{"line":50,"column":53}},"line":50},"2":{"name":"(anonymous_2)","decl":{"start":{"line":52,"column":33},"end":{"line":52,"column":34}},"loc":{"start":{"line":53,"column":2},"end":{"line":64,"column":35}},"line":53},"3":{"name":"(anonymous_3)","decl":{"start":{"line":54,"column":9},"end":{"line":54,"column":10}},"loc":{"start":{"line":54,"column":29},"end":{"line":63,"column":5}},"line":54},"4":{"name":"(anonymous_4)","decl":{"start":{"line":64,"column":12},"end":{"line":64,"column":13}},"loc":{"start":{"line":64,"column":23},"end":{"line":64,"column":34}},"line":64},"5":{"name":"(anonymous_5)","decl":{"start":{"line":66,"column":27},"end":{"line":66,"column":28}},"loc":{"start":{"line":66,"column":36},"end":{"line":179,"column":1}},"line":66},"6":{"name":"(anonymous_6)","decl":{"start":{"line":73,"column":19},"end":{"line":73,"column":20}},"loc":{"start":{"line":73,"column":24},"end":{"line":79,"column":3}},"line":73},"7":{"name":"(anonymous_7)","decl":{"start":{"line":81,"column":12},"end":{"line":81,"column":13}},"loc":{"start":{"line":81,"column":18},"end":{"line":89,"column":3}},"line":81},"8":{"name":"(anonymous_8)","decl":{"start":{"line":84,"column":29},"end":{"line":84,"column":30}},"loc":{"start":{"line":84,"column":35},"end":{"line":86,"column":7}},"line":84},"9":{"name":"(anonymous_9)","decl":{"start":{"line":88,"column":11},"end":{"line":88,"column":12}},"loc":{"start":{"line":88,"column":17},"end":{"line":88,"column":40}},"line":88},"10":{"name":"(anonymous_10)","decl":{"start":{"line":91,"column":30},"end":{"line":91,"column":31}},"loc":{"start":{"line":91,"column":44},"end":{"line":93,"column":3}},"line":91},"11":{"name":"(anonymous_11)","decl":{"start":{"line":130,"column":32},"end":{"line":130,"column":33}},"loc":{"start":{"line":131,"column":22},"end":{"line":140,"column":34}},"line":131},"12":{"name":"(anonymous_12)","decl":{"start":{"line":133,"column":33},"end":{"line":133,"column":34}},"loc":{"start":{"line":134,"column":26},"end":{"line":134,"column":69}},"line":134},"13":{"name":"(anonymous_13)","decl":{"start":{"line":162,"column":28},"end":{"line":162,"column":29}},"loc":{"start":{"line":163,"column":18},"end":{"line":169,"column":30}},"line":163}},"branchMap":{"0":{"loc":{"start":{"line":58,"column":13},"end":{"line":58,"column":43}},"type":"cond-expr","locations":[{"start":{"line":58,"column":27},"end":{"line":58,"column":38}},{"start":{"line":58,"column":41},"end":{"line":58,"column":43}}],"line":58},"1":{"loc":{"start":{"line":76,"column":4},"end":{"line":78,"column":5}},"type":"if","locations":[{"start":{"line":76,"column":4},"end":{"line":78,"column":5}},{"start":{"line":76,"column":4},"end":{"line":78,"column":5}}],"line":76},"2":{"loc":{"start":{"line":83,"column":4},"end":{"line":87,"column":5}},"type":"if","locations":[{"start":{"line":83,"column":4},"end":{"line":87,"column":5}},{"start":{"line":83,"column":4},"end":{"line":87,"column":5}}],"line":83},"3":{"loc":{"start":{"line":116,"column":11},"end":{"line":148,"column":11}},"type":"binary-expr","locations":[{"start":{"line":116,"column":11},"end":{"line":116,"column":32}},{"start":{"line":116,"column":36},"end":{"line":116,"column":41}},{"start":{"line":117,"column":12},"end":{"line":147,"column":18}}],"line":116},"4":{"loc":{"start":{"line":118,"column":15},"end":{"line":146,"column":15}},"type":"cond-expr","locations":[{"start":{"line":119,"column":16},"end":{"line":143,"column":23}},{"start":{"line":145,"column":16},"end":{"line":145,"column":25}}],"line":118},"5":{"loc":{"start":{"line":152,"column":7},"end":{"line":176,"column":7}},"type":"binary-expr","locations":[{"start":{"line":152,"column":7},"end":{"line":152,"column":31}},{"start":{"line":153,"column":8},"end":{"line":175,"column":14}}],"line":152},"6":{"loc":{"start":{"line":166,"column":23},"end":{"line":166,"column":62}},"type":"binary-expr","locations":[{"start":{"line":166,"column":23},"end":{"line":166,"column":31}},{"start":{"line":166,"column":35},"end":{"line":166,"column":62}}],"line":166},"7":{"loc":{"start":{"line":167,"column":23},"end":{"line":167,"column":62}},"type":"binary-expr","locations":[{"start":{"line":167,"column":23},"end":{"line":167,"column":31}},{"start":{"line":167,"column":35},"end":{"line":167,"column":62}}],"line":167}},"s":{"0":1,"1":1,"2":2,"3":1,"4":16,"5":1,"6":3,"7":8,"8":8,"9":8,"10":8,"11":1,"12":38,"13":38,"14":38,"15":38,"16":38,"17":4,"18":4,"19":4,"20":1,"21":38,"22":14,"23":4,"24":0,"25":14,"26":14,"27":38,"28":1,"29":38,"30":8,"31":1,"32":2,"33":1,"34":1,"35":1},"f":{"0":2,"1":16,"2":3,"3":8,"4":8,"5":38,"6":4,"7":14,"8":0,"9":14,"10":1,"11":8,"12":1,"13":2},"b":{"0":[7,1],"1":[1,3],"2":[4,10],"3":[38,36,11],"4":[4,7],"5":[38,2],"6":[2,2],"7":[2,2]},"_coverageSchema":"43e27e138ebf9cfc5966b082cf9a028302ed4184","hash":"5b12c67bc20d639ed8bd115a578b383343fcdeed"}
}
