TN:
SF:/Users/thanhvan/Downloads/v1/TCM Phase 2/vdc test/app/containers/WeatherPage/index.js
FN:46,(anonymous_0)
FN:50,(anonymous_1)
FN:52,(anonymous_2)
FN:54,(anonymous_3)
FN:64,(anonymous_4)
FN:66,(anonymous_5)
FN:73,(anonymous_6)
FN:81,(anonymous_7)
FN:84,(anonymous_8)
FN:88,(anonymous_9)
FN:91,(anonymous_10)
FN:130,(anonymous_11)
FN:133,(anonymous_12)
FN:162,(anonymous_13)
FNF:14
FNH:13
FNDA:2,(anonymous_0)
FNDA:16,(anonymous_1)
FNDA:3,(anonymous_2)
FNDA:8,(anonymous_3)
FNDA:8,(anonymous_4)
FNDA:38,(anonymous_5)
FNDA:4,(anonymous_6)
FNDA:14,(anonymous_7)
FNDA:0,(anonymous_8)
FNDA:14,(anonymous_9)
FNDA:1,(anonymous_10)
FNDA:8,(anonymous_11)
FNDA:1,(anonymous_12)
FNDA:2,(anonymous_13)
DA:44,1
DA:46,1
DA:47,2
DA:50,16
DA:52,1
DA:53,3
DA:55,8
DA:56,8
DA:57,8
DA:64,8
DA:66,1
DA:67,38
DA:68,38
DA:70,38
DA:71,38
DA:73,38
DA:74,4
DA:75,4
DA:76,4
DA:77,1
DA:81,38
DA:83,14
DA:84,4
DA:85,0
DA:88,14
DA:91,38
DA:92,1
DA:95,38
DA:131,8
DA:134,1
DA:163,2
DA:181,1
DA:188,1
DA:194,1
LF:34
LH:33
BRDA:58,0,0,7
BRDA:58,0,1,1
BRDA:76,1,0,1
BRDA:76,1,1,3
BRDA:83,2,0,4
BRDA:83,2,1,10
BRDA:116,3,0,38
BRDA:116,3,1,36
BRDA:116,3,2,11
BRDA:118,4,0,4
BRDA:118,4,1,7
BRDA:152,5,0,38
BRDA:152,5,1,2
BRDA:166,6,0,2
BRDA:166,6,1,2
BRDA:167,7,0,2
BRDA:167,7,1,2
BRF:17
BRH:17
end_of_record
